::1 - - [30/Nov/2018:15:13:49 +0000] "GET / HTTP/1.1" 200 -
::1 - - [30/Nov/2018:15:14:36 +0000] "GET / HTTP/1.1" 200 -
::1 - - [30/Nov/2018:15:15:25 +0000] "GET / HTTP/1.1" 200 -
::1 - - [30/Nov/2018:15:15:57 +0000] "GET / HTTP/1.1" 200 -
::1 - - [30/Nov/2018:15:15:58 +0000] "GET / HTTP/1.1" 304 -
::1 - - [30/Nov/2018:15:18:17 +0000] "GET / HTTP/1.1" 200 703
::1 - - [30/Nov/2018:15:18:17 +0000] "GET /static/css/app.37da08df470b6f393449599b3042b48e.css HTTP/1.1" 404 1504
::1 - - [30/Nov/2018:15:18:17 +0000] "GET /static/js/manifest.2ae2e69a05c33dfc65f8.js HTTP/1.1" 404 1486
::1 - - [30/Nov/2018:15:18:17 +0000] "GET /static/js/vendor.62c4293db8db85ae0b83.js HTTP/1.1" 404 1482
::1 - - [30/Nov/2018:15:18:17 +0000] "GET /static/js/app.7904c8b3900a3bdb6f13.js HTTP/1.1" 404 1476
::1 - - [30/Nov/2018:15:18:17 +0000] "GET /api/daum/2 HTTP/1.1" 200 1921
::1 - - [30/Nov/2018:15:18:18 +0000] "GET /static/js/manifest.2ae2e69a05c33dfc65f8.js HTTP/1.1" 404 1486
::1 - - [30/Nov/2018:15:18:18 +0000] "GET /static/js/vendor.62c4293db8db85ae0b83.js HTTP/1.1" 404 1482
::1 - - [30/Nov/2018:15:18:18 +0000] "GET /static/js/app.7904c8b3900a3bdb6f13.js HTTP/1.1" 404 1476
::1 - - [30/Nov/2018:15:20:42 +0000] "GET / HTTP/1.1" 200 703
::1 - - [30/Nov/2018:15:20:42 +0000] "GET /static/css/app.37da08df470b6f393449599b3042b48e.css HTTP/1.1" 404 1504
::1 - - [30/Nov/2018:15:20:42 +0000] "GET /static/js/app.7904c8b3900a3bdb6f13.js HTTP/1.1" 404 1476
::1 - - [30/Nov/2018:15:20:42 +0000] "GET /static/js/manifest.2ae2e69a05c33dfc65f8.js HTTP/1.1" 404 1486
::1 - - [30/Nov/2018:15:20:42 +0000] "GET /static/js/vendor.62c4293db8db85ae0b83.js HTTP/1.1" 404 1482
::1 - - [30/Nov/2018:15:20:42 +0000] "GET /api/daum/2 HTTP/1.1" 200 1921
::1 - - [30/Nov/2018:15:20:43 +0000] "GET /static/js/manifest.2ae2e69a05c33dfc65f8.js HTTP/1.1" 404 1486
::1 - - [30/Nov/2018:15:20:43 +0000] "GET /static/js/vendor.62c4293db8db85ae0b83.js HTTP/1.1" 404 1482
::1 - - [30/Nov/2018:15:20:43 +0000] "GET /static/js/app.7904c8b3900a3bdb6f13.js HTTP/1.1" 404 1476
::1 - - [30/Nov/2018:15:22:10 +0000] "GET / HTTP/1.1" 200 709
::1 - - [30/Nov/2018:15:22:10 +0000] "GET /static/css/app.37da08df470b6f393449599b3042b48e.css HTTP/1.1" 404 1504
::1 - - [30/Nov/2018:15:22:10 +0000] "GET /static/js/manifest.2ae2e69a05c33dfc65f8.js HTTP/1.1" 404 1486
::1 - - [30/Nov/2018:15:22:10 +0000] "GET /static/js/vendor.62c4293db8db85ae0b83.js HTTP/1.1" 404 1482
::1 - - [30/Nov/2018:15:22:10 +0000] "GET /static/js/app.7904c8b3900a3bdb6f13.js HTTP/1.1" 404 1476
::1 - - [30/Nov/2018:15:22:10 +0000] "GET /api/daum/2 HTTP/1.1" 200 1921
::1 - - [30/Nov/2018:15:22:10 +0000] "GET /static/js/manifest.2ae2e69a05c33dfc65f8.js HTTP/1.1" 404 1486
::1 - - [30/Nov/2018:15:22:10 +0000] "GET /static/js/vendor.62c4293db8db85ae0b83.js HTTP/1.1" 404 1482
::1 - - [30/Nov/2018:15:22:10 +0000] "GET /static/js/app.7904c8b3900a3bdb6f13.js HTTP/1.1" 404 1476
::1 - - [30/Nov/2018:15:22:22 +0000] "GET / HTTP/1.1" 200 709
::1 - - [30/Nov/2018:15:22:22 +0000] "GET /static/css/app.37da08df470b6f393449599b3042b48e.css HTTP/1.1" 404 1504
::1 - - [30/Nov/2018:15:22:22 +0000] "GET /static/js/manifest.2ae2e69a05c33dfc65f8.js HTTP/1.1" 404 1486
::1 - - [30/Nov/2018:15:22:22 +0000] "GET /static/js/vendor.62c4293db8db85ae0b83.js HTTP/1.1" 404 1482
::1 - - [30/Nov/2018:15:22:22 +0000] "GET /static/js/app.7904c8b3900a3bdb6f13.js HTTP/1.1" 404 1476
::1 - - [30/Nov/2018:15:22:22 +0000] "GET /api/daum/2 HTTP/1.1" 200 1921
::1 - - [30/Nov/2018:15:22:22 +0000] "GET /static/js/manifest.2ae2e69a05c33dfc65f8.js HTTP/1.1" 404 1486
::1 - - [30/Nov/2018:15:22:22 +0000] "GET /static/js/vendor.62c4293db8db85ae0b83.js HTTP/1.1" 404 1482
::1 - - [30/Nov/2018:15:22:22 +0000] "GET /static/js/app.7904c8b3900a3bdb6f13.js HTTP/1.1" 404 1476
::1 - - [30/Nov/2018:15:22:33 +0000] "GET / HTTP/1.1" 200 709
::1 - - [30/Nov/2018:15:22:33 +0000] "GET /static/css/app.37da08df470b6f393449599b3042b48e.css HTTP/1.1" 404 1504
::1 - - [30/Nov/2018:15:22:33 +0000] "GET /static/js/manifest.2ae2e69a05c33dfc65f8.js HTTP/1.1" 404 1486
::1 - - [30/Nov/2018:15:22:33 +0000] "GET /static/js/app.7904c8b3900a3bdb6f13.js HTTP/1.1" 404 1476
::1 - - [30/Nov/2018:15:22:33 +0000] "GET /static/js/vendor.62c4293db8db85ae0b83.js HTTP/1.1" 404 1482
::1 - - [30/Nov/2018:15:22:33 +0000] "GET /api/daum/2 HTTP/1.1" 200 1921
::1 - - [30/Nov/2018:15:22:34 +0000] "GET /static/js/manifest.2ae2e69a05c33dfc65f8.js HTTP/1.1" 404 1486
::1 - - [30/Nov/2018:15:22:34 +0000] "GET /static/js/vendor.62c4293db8db85ae0b83.js HTTP/1.1" 404 1482
::1 - - [30/Nov/2018:15:22:34 +0000] "GET /static/js/app.7904c8b3900a3bdb6f13.js HTTP/1.1" 404 1476
::1 - - [30/Nov/2018:15:28:47 +0000] "GET / HTTP/1.1" 200 706
::1 - - [30/Nov/2018:15:28:47 +0000] "GET /static/css/app.37da08df470b6f393449599b3042b48e.css HTTP/1.1" 404 1504
::1 - - [30/Nov/2018:15:28:47 +0000] "GET /static/js/manifest.2ae2e69a05c33dfc65f8.js HTTP/1.1" 404 1486
::1 - - [30/Nov/2018:15:28:47 +0000] "GET /static/js/vendor.62c4293db8db85ae0b83.js HTTP/1.1" 404 1482
::1 - - [30/Nov/2018:15:28:47 +0000] "GET /static/js/app.d0c351e7fbda55b18dc6.js HTTP/1.1" 404 1476
::1 - - [30/Nov/2018:15:28:47 +0000] "GET /static/js/manifest.2ae2e69a05c33dfc65f8.js HTTP/1.1" 404 1486
::1 - - [30/Nov/2018:15:28:47 +0000] "GET /static/js/vendor.62c4293db8db85ae0b83.js HTTP/1.1" 404 1482
::1 - - [30/Nov/2018:15:28:47 +0000] "GET /static/js/app.d0c351e7fbda55b18dc6.js HTTP/1.1" 404 1476
::1 - - [30/Nov/2018:15:31:08 +0000] "GET / HTTP/1.1" 200 706
::1 - - [30/Nov/2018:15:31:08 +0000] "GET /static/css/app.37da08df470b6f393449599b3042b48e.css HTTP/1.1" 404 1504
::1 - - [30/Nov/2018:15:31:08 +0000] "GET /static/js/manifest.2ae2e69a05c33dfc65f8.js HTTP/1.1" 404 1486
::1 - - [30/Nov/2018:15:31:08 +0000] "GET /static/js/vendor.62c4293db8db85ae0b83.js HTTP/1.1" 404 1482
::1 - - [30/Nov/2018:15:31:08 +0000] "GET /static/js/app.d0c351e7fbda55b18dc6.js HTTP/1.1" 404 1476
::1 - - [30/Nov/2018:15:31:09 +0000] "GET /static/js/manifest.2ae2e69a05c33dfc65f8.js HTTP/1.1" 404 1486
::1 - - [30/Nov/2018:15:31:09 +0000] "GET /static/js/vendor.62c4293db8db85ae0b83.js HTTP/1.1" 404 1482
::1 - - [30/Nov/2018:15:31:09 +0000] "GET /static/js/app.d0c351e7fbda55b18dc6.js HTTP/1.1" 404 1476
::1 - - [30/Nov/2018:15:37:17 +0000] "GET / HTTP/1.1" 200 706
::1 - - [30/Nov/2018:15:37:17 +0000] "GET /static/css/app.37da08df470b6f393449599b3042b48e.css HTTP/1.1" 200 204841
::1 - - [30/Nov/2018:15:37:17 +0000] "GET /static/js/manifest.2ae2e69a05c33dfc65f8.js HTTP/1.1" 200 857
::1 - - [30/Nov/2018:15:37:17 +0000] "GET /static/js/app.d0c351e7fbda55b18dc6.js HTTP/1.1" 200 121571
::1 - - [30/Nov/2018:15:37:17 +0000] "GET /static/js/vendor.62c4293db8db85ae0b83.js HTTP/1.1" 200 1036871
::1 - - [30/Nov/2018:15:37:18 +0000] "GET /static/js/manifest.2ae2e69a05c33dfc65f8.js.map HTTP/1.1" 200 4972
::1 - - [30/Nov/2018:15:37:18 +0000] "GET /static/js/app.d0c351e7fbda55b18dc6.js.map HTTP/1.1" 200 363229
::1 - - [30/Nov/2018:15:37:18 +0000] "GET /static/css/app.37da08df470b6f393449599b3042b48e.css.map HTTP/1.1" 200 305272
::1 - - [30/Nov/2018:15:37:18 +0000] "GET /static/js/vendor.62c4293db8db85ae0b83.js.map HTTP/1.1" 200 3761262
::1 - - [30/Nov/2018:15:37:55 +0000] "GET / HTTP/1.1" 200 706
::1 - - [30/Nov/2018:15:37:55 +0000] "GET /static/css/app.37da08df470b6f393449599b3042b48e.css HTTP/1.1" 200 204841
::1 - - [30/Nov/2018:15:37:55 +0000] "GET /static/js/manifest.2ae2e69a05c33dfc65f8.js HTTP/1.1" 200 857
::1 - - [30/Nov/2018:15:37:55 +0000] "GET /static/js/app.d0c351e7fbda55b18dc6.js HTTP/1.1" 200 121571
::1 - - [30/Nov/2018:15:37:55 +0000] "GET /static/js/vendor.62c4293db8db85ae0b83.js HTTP/1.1" 200 1036871
::1 - - [30/Nov/2018:15:37:55 +0000] "GET /static/css/app.37da08df470b6f393449599b3042b48e.css.map HTTP/1.1" 200 305272
::1 - - [30/Nov/2018:15:37:55 +0000] "GET /static/js/manifest.2ae2e69a05c33dfc65f8.js.map HTTP/1.1" 200 4972
::1 - - [30/Nov/2018:15:37:55 +0000] "GET /static/js/app.d0c351e7fbda55b18dc6.js.map HTTP/1.1" 200 363229
::1 - - [30/Nov/2018:15:37:55 +0000] "GET /static/js/vendor.62c4293db8db85ae0b83.js.map HTTP/1.1" 200 3761262
::1 - - [30/Nov/2018:15:37:56 +0000] "POST /post/myMapCafes HTTP/1.1" 200 2
::1 - - [30/Nov/2018:15:37:59 +0000] "GET / HTTP/1.1" 200 706
::1 - - [30/Nov/2018:15:37:59 +0000] "GET /static/css/app.37da08df470b6f393449599b3042b48e.css HTTP/1.1" 200 204841
::1 - - [30/Nov/2018:15:37:59 +0000] "GET /static/js/manifest.2ae2e69a05c33dfc65f8.js HTTP/1.1" 200 857
::1 - - [30/Nov/2018:15:37:59 +0000] "GET /static/js/app.d0c351e7fbda55b18dc6.js HTTP/1.1" 200 121571
::1 - - [30/Nov/2018:15:37:59 +0000] "GET /static/js/vendor.62c4293db8db85ae0b83.js HTTP/1.1" 200 1036871
::1 - - [30/Nov/2018:15:37:59 +0000] "GET /static/css/app.37da08df470b6f393449599b3042b48e.css.map HTTP/1.1" 200 305272
::1 - - [30/Nov/2018:15:38:00 +0000] "GET /static/js/manifest.2ae2e69a05c33dfc65f8.js.map HTTP/1.1" 200 4972
::1 - - [30/Nov/2018:15:38:00 +0000] "GET /static/js/app.d0c351e7fbda55b18dc6.js.map HTTP/1.1" 200 363229
::1 - - [30/Nov/2018:15:38:00 +0000] "GET /static/js/vendor.62c4293db8db85ae0b83.js.map HTTP/1.1" 200 3761262
::1 - - [30/Nov/2018:15:38:00 +0000] "POST /post/myMapCafes HTTP/1.1" 200 2
::1 - - [30/Nov/2018:15:38:11 +0000] "POST /post/myMapCafes HTTP/1.1" 200 2
::1 - - [30/Nov/2018:15:38:40 +0000] "GET /static/img/loading.7699fd4.gif HTTP/1.1" 200 51055
::ffff:127.0.0.1 - - [30/Nov/2018:15:38:46 +0000] "POST /graphql HTTP/1.1" 200 4922
::1 - - [30/Nov/2018:15:38:46 +0000] "POST /board/pagePost HTTP/1.1" 200 4922
::ffff:127.0.0.1 - - [30/Nov/2018:15:38:49 +0000] "POST /graphql HTTP/1.1" 200 1446
::1 - - [30/Nov/2018:15:38:49 +0000] "POST /board/pagePost HTTP/1.1" 200 1459
::1 - - [30/Nov/2018:15:38:52 +0000] "GET /static/img/loading.7699fd4.gif HTTP/1.1" 200 51055
::ffff:127.0.0.1 - - [30/Nov/2018:15:38:53 +0000] "POST /graphql HTTP/1.1" 200 129
::1 - - [30/Nov/2018:15:38:53 +0000] "GET /board/getNotice HTTP/1.1" 200 129
::1 - - [30/Nov/2018:15:38:57 +0000] "POST /post/myMapCafes HTTP/1.1" 200 2
::1 - - [30/Nov/2018:15:47:56 +0000] "GET / HTTP/1.1" 200 706
::1 - - [30/Nov/2018:15:47:56 +0000] "GET /static/css/app.37da08df470b6f393449599b3042b48e.css HTTP/1.1" 200 204841
::1 - - [30/Nov/2018:15:47:56 +0000] "GET /static/js/manifest.2ae2e69a05c33dfc65f8.js HTTP/1.1" 200 857
::1 - - [30/Nov/2018:15:47:56 +0000] "GET /static/js/app.d0c351e7fbda55b18dc6.js HTTP/1.1" 200 121571
::1 - - [30/Nov/2018:15:47:56 +0000] "GET /static/js/vendor.62c4293db8db85ae0b83.js HTTP/1.1" 200 1036871
::1 - - [30/Nov/2018:15:47:56 +0000] "GET /static/js/manifest.2ae2e69a05c33dfc65f8.js.map HTTP/1.1" 200 4972
::1 - - [30/Nov/2018:15:47:56 +0000] "GET /static/js/app.d0c351e7fbda55b18dc6.js.map HTTP/1.1" 200 363229
::1 - - [30/Nov/2018:15:47:56 +0000] "GET /static/css/app.37da08df470b6f393449599b3042b48e.css.map HTTP/1.1" 200 305272
::1 - - [30/Nov/2018:15:47:56 +0000] "GET /static/js/vendor.62c4293db8db85ae0b83.js.map HTTP/1.1" 200 3761262
::1 - - [30/Nov/2018:15:47:57 +0000] "POST /post/myMapCafes HTTP/1.1" 200 2
::1 - - [30/Nov/2018:15:51:45 +0000] "POST /post/myMapCafes HTTP/1.1" 200 18719
::1 - - [30/Nov/2018:15:51:50 +0000] "POST /post/myMapCafes HTTP/1.1" 200 18732
::1 - - [30/Nov/2018:15:52:03 +0000] "GET / HTTP/1.1" 200 706
::1 - - [30/Nov/2018:15:52:03 +0000] "GET /static/css/app.37da08df470b6f393449599b3042b48e.css HTTP/1.1" 200 204841
::1 - - [30/Nov/2018:15:52:03 +0000] "GET /static/js/manifest.2ae2e69a05c33dfc65f8.js HTTP/1.1" 200 857
::1 - - [30/Nov/2018:15:52:03 +0000] "GET /static/js/app.d0c351e7fbda55b18dc6.js HTTP/1.1" 200 121571
::1 - - [30/Nov/2018:15:52:03 +0000] "GET /static/js/vendor.62c4293db8db85ae0b83.js HTTP/1.1" 200 1036871
::1 - - [30/Nov/2018:15:52:03 +0000] "GET /static/js/manifest.2ae2e69a05c33dfc65f8.js.map HTTP/1.1" 200 4972
::1 - - [30/Nov/2018:15:52:03 +0000] "GET /static/css/app.37da08df470b6f393449599b3042b48e.css.map HTTP/1.1" 200 305272
::1 - - [30/Nov/2018:15:52:03 +0000] "GET /static/js/app.d0c351e7fbda55b18dc6.js.map HTTP/1.1" 200 363229
::1 - - [30/Nov/2018:15:52:03 +0000] "GET /static/js/vendor.62c4293db8db85ae0b83.js.map HTTP/1.1" 200 3761262
::1 - - [30/Nov/2018:15:52:03 +0000] "POST /post/myMapCafes HTTP/1.1" 200 2
::1 - - [30/Nov/2018:15:52:12 +0000] "POST /post/myMapCafes HTTP/1.1" 200 2
::1 - - [30/Nov/2018:15:52:14 +0000] "GET / HTTP/1.1" 200 706
::1 - - [30/Nov/2018:15:52:14 +0000] "GET /static/js/manifest.2ae2e69a05c33dfc65f8.js HTTP/1.1" 200 857
::1 - - [30/Nov/2018:15:52:14 +0000] "GET /static/css/app.37da08df470b6f393449599b3042b48e.css HTTP/1.1" 200 204841
::1 - - [30/Nov/2018:15:52:14 +0000] "GET /static/js/app.d0c351e7fbda55b18dc6.js HTTP/1.1" 200 121571
::1 - - [30/Nov/2018:15:52:14 +0000] "GET /static/js/vendor.62c4293db8db85ae0b83.js HTTP/1.1" 200 1036871
::1 - - [30/Nov/2018:15:52:15 +0000] "GET /static/js/manifest.2ae2e69a05c33dfc65f8.js.map HTTP/1.1" 200 4972
::1 - - [30/Nov/2018:15:52:15 +0000] "GET /static/js/app.d0c351e7fbda55b18dc6.js.map HTTP/1.1" 200 363229
::1 - - [30/Nov/2018:15:52:15 +0000] "GET /static/css/app.37da08df470b6f393449599b3042b48e.css.map HTTP/1.1" 200 305272
::1 - - [30/Nov/2018:15:52:15 +0000] "GET /static/js/vendor.62c4293db8db85ae0b83.js.map HTTP/1.1" 200 3761262
::1 - - [30/Nov/2018:15:52:15 +0000] "POST /post/myMapCafes HTTP/1.1" 200 2
::1 - - [30/Nov/2018:15:55:29 +0000] "POST /post/myMapCafes HTTP/1.1" 200 18719
::1 - - [30/Nov/2018:15:55:48 +0000] "POST /post/myMapCafes HTTP/1.1" 200 18719
::1 - - [30/Nov/2018:15:55:57 +0000] "GET / HTTP/1.1" 200 706
::1 - - [30/Nov/2018:15:55:57 +0000] "GET /static/css/app.37da08df470b6f393449599b3042b48e.css HTTP/1.1" 200 204841
::1 - - [30/Nov/2018:15:55:57 +0000] "GET /static/js/manifest.2ae2e69a05c33dfc65f8.js HTTP/1.1" 200 857
::1 - - [30/Nov/2018:15:55:57 +0000] "GET /static/js/app.d0c351e7fbda55b18dc6.js HTTP/1.1" 200 121571
::1 - - [30/Nov/2018:15:55:57 +0000] "GET /static/js/vendor.62c4293db8db85ae0b83.js HTTP/1.1" 200 1036871
::1 - - [30/Nov/2018:15:55:57 +0000] "GET /static/js/manifest.2ae2e69a05c33dfc65f8.js.map HTTP/1.1" 200 4972
::1 - - [30/Nov/2018:15:55:57 +0000] "GET /static/css/app.37da08df470b6f393449599b3042b48e.css.map HTTP/1.1" 200 305272
::1 - - [30/Nov/2018:15:55:57 +0000] "GET /static/js/app.d0c351e7fbda55b18dc6.js.map HTTP/1.1" 200 363229
::1 - - [30/Nov/2018:15:55:57 +0000] "GET /static/js/vendor.62c4293db8db85ae0b83.js.map HTTP/1.1" 200 3761262
::1 - - [30/Nov/2018:15:55:57 +0000] "POST /post/myMapCafes HTTP/1.1" 200 2
::1 - - [30/Nov/2018:15:56:03 +0000] "POST /post/myMapCafes HTTP/1.1" 200 2
::1 - - [30/Nov/2018:15:56:06 +0000] "GET / HTTP/1.1" 304 -
::1 - - [30/Nov/2018:15:56:06 +0000] "GET /static/css/app.37da08df470b6f393449599b3042b48e.css HTTP/1.1" 304 -
::1 - - [30/Nov/2018:15:56:06 +0000] "GET /static/js/manifest.2ae2e69a05c33dfc65f8.js HTTP/1.1" 304 -
::1 - - [30/Nov/2018:15:56:06 +0000] "GET /static/js/vendor.62c4293db8db85ae0b83.js HTTP/1.1" 304 -
::1 - - [30/Nov/2018:15:56:06 +0000] "GET /static/js/app.d0c351e7fbda55b18dc6.js HTTP/1.1" 304 -
::1 - - [30/Nov/2018:15:56:07 +0000] "POST /post/myMapCafes HTTP/1.1" 200 2
::1 - - [30/Nov/2018:15:56:10 +0000] "GET /static/css/app.37da08df470b6f393449599b3042b48e.css HTTP/1.1" 304 -
::1 - - [30/Nov/2018:15:56:10 +0000] "GET /static/js/manifest.2ae2e69a05c33dfc65f8.js.map HTTP/1.1" 200 4972
::1 - - [30/Nov/2018:15:56:10 +0000] "GET /static/js/app.d0c351e7fbda55b18dc6.js.map HTTP/1.1" 200 363229
::1 - - [30/Nov/2018:15:56:10 +0000] "GET /static/js/vendor.62c4293db8db85ae0b83.js.map HTTP/1.1" 200 3761262
::1 - - [30/Nov/2018:15:56:10 +0000] "GET /static/css/app.37da08df470b6f393449599b3042b48e.css.map HTTP/1.1" 200 305272
::1 - - [30/Nov/2018:15:56:14 +0000] "POST /post/myMapCafes HTTP/1.1" 200 18754
::1 - - [30/Nov/2018:15:56:23 +0000] "GET / HTTP/1.1" 200 706
::1 - - [30/Nov/2018:15:56:23 +0000] "GET /static/js/manifest.2ae2e69a05c33dfc65f8.js HTTP/1.1" 200 857
::1 - - [30/Nov/2018:15:56:23 +0000] "GET /static/js/app.d0c351e7fbda55b18dc6.js HTTP/1.1" 200 121571
::1 - - [30/Nov/2018:15:56:23 +0000] "GET /static/css/app.37da08df470b6f393449599b3042b48e.css HTTP/1.1" 200 204841
::1 - - [30/Nov/2018:15:56:23 +0000] "GET /static/js/vendor.62c4293db8db85ae0b83.js HTTP/1.1" 200 1036871
::1 - - [30/Nov/2018:15:56:24 +0000] "POST /post/myMapCafes HTTP/1.1" 200 2
::1 - - [30/Nov/2018:15:56:26 +0000] "GET /static/css/app.37da08df470b6f393449599b3042b48e.css HTTP/1.1" 304 -
::1 - - [30/Nov/2018:15:56:26 +0000] "GET /static/js/manifest.2ae2e69a05c33dfc65f8.js.map HTTP/1.1" 200 4972
::1 - - [30/Nov/2018:15:56:26 +0000] "GET /static/js/app.d0c351e7fbda55b18dc6.js.map HTTP/1.1" 200 363229
::1 - - [30/Nov/2018:15:56:26 +0000] "GET /static/js/vendor.62c4293db8db85ae0b83.js.map HTTP/1.1" 200 3761262
::1 - - [30/Nov/2018:15:56:26 +0000] "GET /static/css/app.37da08df470b6f393449599b3042b48e.css.map HTTP/1.1" 200 305272
::1 - - [30/Nov/2018:15:58:37 +0000] "GET / HTTP/1.1" 200 706
::1 - - [30/Nov/2018:15:58:37 +0000] "GET /static/css/app.37da08df470b6f393449599b3042b48e.css HTTP/1.1" 200 204841
::1 - - [30/Nov/2018:15:58:37 +0000] "GET /static/js/manifest.2ae2e69a05c33dfc65f8.js HTTP/1.1" 200 857
::1 - - [30/Nov/2018:15:58:37 +0000] "GET /static/js/app.d0c351e7fbda55b18dc6.js HTTP/1.1" 200 121571
::1 - - [30/Nov/2018:15:58:37 +0000] "GET /static/js/vendor.62c4293db8db85ae0b83.js HTTP/1.1" 200 1036871
::1 - - [30/Nov/2018:15:58:37 +0000] "GET /static/js/manifest.2ae2e69a05c33dfc65f8.js.map HTTP/1.1" 200 4972
::1 - - [30/Nov/2018:15:58:37 +0000] "GET /static/js/app.d0c351e7fbda55b18dc6.js.map HTTP/1.1" 200 363229
::1 - - [30/Nov/2018:15:58:37 +0000] "GET /static/css/app.37da08df470b6f393449599b3042b48e.css.map HTTP/1.1" 200 305272
::1 - - [30/Nov/2018:15:58:37 +0000] "GET /static/js/vendor.62c4293db8db85ae0b83.js.map HTTP/1.1" 200 3761262
::1 - - [30/Nov/2018:15:58:37 +0000] "POST /post/myMapCafes HTTP/1.1" 200 2
::1 - - [30/Nov/2018:16:02:22 +0000] "POST /post/myMapCafes HTTP/1.1" 200 18719
::1 - - [30/Nov/2018:16:03:02 +0000] "GET / HTTP/1.1" 200 723
::1 - - [30/Nov/2018:16:03:02 +0000] "GET /static/css/app.37da08df470b6f393449599b3042b48e.css HTTP/1.1" 200 204841
::1 - - [30/Nov/2018:16:03:02 +0000] "GET /static/js/manifest.2ae2e69a05c33dfc65f8.js HTTP/1.1" 200 857
::1 - - [30/Nov/2018:16:03:02 +0000] "GET /static/js/app.768f4889879376705476.js HTTP/1.1" 200 121569
::1 - - [30/Nov/2018:16:03:02 +0000] "GET /static/js/vendor.62c4293db8db85ae0b83.js HTTP/1.1" 200 1036871
::1 - - [30/Nov/2018:16:03:02 +0000] "GET /static/css/app.37da08df470b6f393449599b3042b48e.css.map HTTP/1.1" 200 305272
::1 - - [30/Nov/2018:16:03:02 +0000] "GET /static/js/manifest.2ae2e69a05c33dfc65f8.js.map HTTP/1.1" 200 4972
::1 - - [30/Nov/2018:16:03:02 +0000] "GET /static/js/app.768f4889879376705476.js.map HTTP/1.1" 200 363229
::1 - - [30/Nov/2018:16:03:02 +0000] "GET /static/js/vendor.62c4293db8db85ae0b83.js.map HTTP/1.1" 200 3761262
::1 - - [30/Nov/2018:16:03:04 +0000] "GET /?lat=35.1692988&lng=129.1756867 HTTP/1.1" 200 723
::1 - - [30/Nov/2018:16:03:04 +0000] "GET /static/css/app.37da08df470b6f393449599b3042b48e.css HTTP/1.1" 200 204841
::1 - - [30/Nov/2018:16:03:04 +0000] "GET /static/js/manifest.2ae2e69a05c33dfc65f8.js HTTP/1.1" 200 857
::1 - - [30/Nov/2018:16:03:04 +0000] "GET /static/js/app.768f4889879376705476.js HTTP/1.1" 200 121569
::1 - - [30/Nov/2018:16:03:04 +0000] "GET /static/js/vendor.62c4293db8db85ae0b83.js HTTP/1.1" 200 1036871
::1 - - [30/Nov/2018:16:03:04 +0000] "GET /static/css/app.37da08df470b6f393449599b3042b48e.css.map HTTP/1.1" 200 305272
::1 - - [30/Nov/2018:16:03:04 +0000] "GET /static/js/manifest.2ae2e69a05c33dfc65f8.js.map HTTP/1.1" 200 4972
::1 - - [30/Nov/2018:16:03:04 +0000] "GET /static/js/vendor.62c4293db8db85ae0b83.js.map HTTP/1.1" 200 3761262
::1 - - [30/Nov/2018:16:03:04 +0000] "GET /static/js/app.768f4889879376705476.js.map HTTP/1.1" 200 363229
::1 - - [30/Nov/2018:16:03:05 +0000] "POST /post/myMapCafes HTTP/1.1" 200 18768
::1 - - [30/Nov/2018:16:03:15 +0000] "GET / HTTP/1.1" 200 723
::1 - - [30/Nov/2018:16:03:15 +0000] "GET /static/js/manifest.2ae2e69a05c33dfc65f8.js HTTP/1.1" 200 857
::1 - - [30/Nov/2018:16:03:15 +0000] "GET /static/css/app.37da08df470b6f393449599b3042b48e.css HTTP/1.1" 200 204841
::1 - - [30/Nov/2018:16:03:15 +0000] "GET /static/js/app.768f4889879376705476.js HTTP/1.1" 200 121569
::1 - - [30/Nov/2018:16:03:15 +0000] "GET /static/js/vendor.62c4293db8db85ae0b83.js HTTP/1.1" 200 1036871
::1 - - [30/Nov/2018:16:03:16 +0000] "GET /?lat=35.1692988&lng=129.1756867 HTTP/1.1" 200 723
::1 - - [30/Nov/2018:16:03:16 +0000] "GET /static/css/app.37da08df470b6f393449599b3042b48e.css HTTP/1.1" 304 -
::1 - - [30/Nov/2018:16:03:16 +0000] "GET /static/js/manifest.2ae2e69a05c33dfc65f8.js HTTP/1.1" 304 -
::1 - - [30/Nov/2018:16:03:16 +0000] "GET /static/js/vendor.62c4293db8db85ae0b83.js HTTP/1.1" 304 -
::1 - - [30/Nov/2018:16:03:16 +0000] "GET /static/js/app.768f4889879376705476.js HTTP/1.1" 304 -
::1 - - [30/Nov/2018:16:03:17 +0000] "POST /post/myMapCafes HTTP/1.1" 200 18740
::1 - - [30/Nov/2018:16:03:21 +0000] "GET /static/css/app.37da08df470b6f393449599b3042b48e.css HTTP/1.1" 304 -
::1 - - [30/Nov/2018:16:03:21 +0000] "GET /static/js/manifest.2ae2e69a05c33dfc65f8.js.map HTTP/1.1" 200 4972
::1 - - [30/Nov/2018:16:03:21 +0000] "GET /static/js/app.768f4889879376705476.js.map HTTP/1.1" 200 363229
::1 - - [30/Nov/2018:16:03:21 +0000] "GET /static/js/vendor.62c4293db8db85ae0b83.js.map HTTP/1.1" 200 3761262
::1 - - [30/Nov/2018:16:03:21 +0000] "GET /static/css/app.37da08df470b6f393449599b3042b48e.css.map HTTP/1.1" 200 305272
::1 - - [30/Nov/2018:16:03:33 +0000] "GET /static/js/manifest.2ae2e69a05c33dfc65f8.js.map HTTP/1.1" 200 4972
::1 - - [30/Nov/2018:16:03:33 +0000] "GET /static/js/app.768f4889879376705476.js.map HTTP/1.1" 200 363229
::1 - - [30/Nov/2018:16:03:33 +0000] "GET /static/js/vendor.62c4293db8db85ae0b83.js.map HTTP/1.1" 200 3761262
::1 - - [30/Nov/2018:16:03:33 +0000] "GET /static/css/app.37da08df470b6f393449599b3042b48e.css.map HTTP/1.1" 200 305272
::1 - - [30/Nov/2018:16:03:39 +0000] "GET /static/img/loading.7699fd4.gif HTTP/1.1" 200 51055
::1 - - [30/Nov/2018:16:03:40 +0000] "POST /auth/login HTTP/1.1" 200 209
::1 - - [30/Nov/2018:16:03:40 +0000] "GET / HTTP/1.1" 200 723
::1 - - [30/Nov/2018:16:05:21 +0000] "GET /static/img/loading.7699fd4.gif HTTP/1.1" 200 51055
::1 - - [30/Nov/2018:16:05:22 +0000] "POST /auth/login HTTP/1.1" 200 209
::1 - - [30/Nov/2018:16:05:23 +0000] "GET / HTTP/1.1" 200 723
::1 - - [30/Nov/2018:16:06:07 +0000] "GET /profile HTTP/1.1" 404 1214
::1 - - [30/Nov/2018:16:09:17 +0000] "GET /?lat=35.1691842&lng=129.1757603 HTTP/1.1" 200 723
::1 - - [30/Nov/2018:16:09:17 +0000] "GET /static/css/app.37da08df470b6f393449599b3042b48e.css HTTP/1.1" 200 204841
::1 - - [30/Nov/2018:16:09:17 +0000] "GET /static/js/manifest.2ae2e69a05c33dfc65f8.js HTTP/1.1" 200 857
::1 - - [30/Nov/2018:16:09:17 +0000] "GET /static/js/app.768f4889879376705476.js HTTP/1.1" 200 121569
::1 - - [30/Nov/2018:16:09:17 +0000] "GET /static/js/vendor.62c4293db8db85ae0b83.js HTTP/1.1" 200 1036871
::1 - - [30/Nov/2018:16:09:17 +0000] "GET /static/css/app.37da08df470b6f393449599b3042b48e.css.map HTTP/1.1" 200 305272
::1 - - [30/Nov/2018:16:09:18 +0000] "GET /static/js/manifest.2ae2e69a05c33dfc65f8.js.map HTTP/1.1" 200 4972
::1 - - [30/Nov/2018:16:09:18 +0000] "GET /static/js/app.768f4889879376705476.js.map HTTP/1.1" 200 363229
::1 - - [30/Nov/2018:16:09:18 +0000] "GET /static/js/vendor.62c4293db8db85ae0b83.js.map HTTP/1.1" 200 3761262
::1 - - [30/Nov/2018:16:09:18 +0000] "POST /post/myMapCafes HTTP/1.1" 200 18720
::1 - - [30/Nov/2018:16:09:20 +0000] "GET / HTTP/1.1" 200 723
::1 - - [30/Nov/2018:16:09:20 +0000] "GET /static/img/loading.7699fd4.gif HTTP/1.1" 200 51055
::1 - - [30/Nov/2018:16:09:27 +0000] "GET /?lat=35.169233399999996&lng=129.1756424 HTTP/1.1" 200 723
::1 - - [30/Nov/2018:16:09:27 +0000] "GET /static/css/app.37da08df470b6f393449599b3042b48e.css HTTP/1.1" 200 204841
::1 - - [30/Nov/2018:16:09:27 +0000] "GET /static/js/manifest.2ae2e69a05c33dfc65f8.js HTTP/1.1" 200 857
::1 - - [30/Nov/2018:16:09:27 +0000] "GET /static/js/app.768f4889879376705476.js HTTP/1.1" 200 121569
::1 - - [30/Nov/2018:16:09:27 +0000] "GET /static/js/vendor.62c4293db8db85ae0b83.js HTTP/1.1" 200 1036871
::1 - - [30/Nov/2018:16:09:27 +0000] "GET /static/css/app.37da08df470b6f393449599b3042b48e.css.map HTTP/1.1" 200 305272
::1 - - [30/Nov/2018:16:09:27 +0000] "GET /static/js/manifest.2ae2e69a05c33dfc65f8.js.map HTTP/1.1" 200 4972
::1 - - [30/Nov/2018:16:09:27 +0000] "GET /static/js/app.768f4889879376705476.js.map HTTP/1.1" 200 363229
::1 - - [30/Nov/2018:16:09:27 +0000] "GET /static/js/vendor.62c4293db8db85ae0b83.js.map HTTP/1.1" 200 3761262
::1 - - [30/Nov/2018:16:09:28 +0000] "POST /post/myMapCafes HTTP/1.1" 200 18719
::1 - - [30/Nov/2018:16:09:29 +0000] "GET / HTTP/1.1" 200 723
::1 - - [30/Nov/2018:16:09:29 +0000] "GET /static/img/loading.7699fd4.gif HTTP/1.1" 200 51055
::1 - - [30/Nov/2018:16:12:26 +0000] "GET /static/img/loading.7699fd4.gif HTTP/1.1" 200 51055
::1 - - [30/Nov/2018:16:12:27 +0000] "GET /?lat=35.1692797&lng=129.1757154 HTTP/1.1" 200 723
::1 - - [30/Nov/2018:16:12:27 +0000] "GET /static/css/app.37da08df470b6f393449599b3042b48e.css HTTP/1.1" 200 204841
::1 - - [30/Nov/2018:16:12:27 +0000] "GET /static/js/manifest.2ae2e69a05c33dfc65f8.js HTTP/1.1" 200 857
::1 - - [30/Nov/2018:16:12:27 +0000] "GET /static/js/app.14687b6cfc0bf6d2033d.js HTTP/1.1" 200 121554
::1 - - [30/Nov/2018:16:12:27 +0000] "GET /static/js/vendor.62c4293db8db85ae0b83.js HTTP/1.1" 200 1036871
::1 - - [30/Nov/2018:16:12:27 +0000] "GET /static/css/app.37da08df470b6f393449599b3042b48e.css.map HTTP/1.1" 200 305272
::1 - - [30/Nov/2018:16:12:27 +0000] "GET /static/js/manifest.2ae2e69a05c33dfc65f8.js.map HTTP/1.1" 200 4972
::1 - - [30/Nov/2018:16:12:27 +0000] "GET /static/js/app.14687b6cfc0bf6d2033d.js.map HTTP/1.1" 200 363217
::1 - - [30/Nov/2018:16:12:27 +0000] "GET /static/js/vendor.62c4293db8db85ae0b83.js.map HTTP/1.1" 200 3761262
::1 - - [30/Nov/2018:16:12:27 +0000] "POST /post/myMapCafes HTTP/1.1" 200 18719
::1 - - [30/Nov/2018:16:12:30 +0000] "GET / HTTP/1.1" 200 723
::1 - - [30/Nov/2018:16:12:30 +0000] "GET /static/img/loading.7699fd4.gif HTTP/1.1" 200 51055
::ffff:127.0.0.1 - - [30/Nov/2018:16:12:52 +0000] "POST /graphql HTTP/1.1" 200 4922
::1 - - [30/Nov/2018:16:12:52 +0000] "POST /board/pagePost HTTP/1.1" 200 4922
::1 - - [30/Nov/2018:16:14:00 +0000] "POST /post/myMapCafes HTTP/1.1" 200 18719
::1 - - [30/Nov/2018:16:14:09 +0000] "GET / HTTP/1.1" 200 723
::1 - - [30/Nov/2018:16:14:09 +0000] "GET /static/css/app.37da08df470b6f393449599b3042b48e.css HTTP/1.1" 200 204841
::1 - - [30/Nov/2018:16:14:09 +0000] "GET /static/js/manifest.2ae2e69a05c33dfc65f8.js HTTP/1.1" 200 857
::1 - - [30/Nov/2018:16:14:09 +0000] "GET /static/js/app.768f4889879376705476.js HTTP/1.1" 200 121569
::1 - - [30/Nov/2018:16:14:09 +0000] "GET /static/js/vendor.62c4293db8db85ae0b83.js HTTP/1.1" 200 1036871
::1 - - [30/Nov/2018:16:14:10 +0000] "GET /static/css/app.37da08df470b6f393449599b3042b48e.css.map HTTP/1.1" 200 305272
::1 - - [30/Nov/2018:16:14:10 +0000] "GET /static/js/manifest.2ae2e69a05c33dfc65f8.js.map HTTP/1.1" 200 4972
::1 - - [30/Nov/2018:16:14:10 +0000] "GET /static/js/app.768f4889879376705476.js.map HTTP/1.1" 200 363229
::1 - - [30/Nov/2018:16:14:10 +0000] "GET /static/js/vendor.62c4293db8db85ae0b83.js.map HTTP/1.1" 200 3761262
::1 - - [30/Nov/2018:16:14:13 +0000] "GET /?lat=35.1692904&lng=129.1757098 HTTP/1.1" 200 723
::1 - - [30/Nov/2018:16:14:13 +0000] "GET /static/css/app.37da08df470b6f393449599b3042b48e.css HTTP/1.1" 200 204841
::1 - - [30/Nov/2018:16:14:13 +0000] "GET /static/js/manifest.2ae2e69a05c33dfc65f8.js HTTP/1.1" 200 857
::1 - - [30/Nov/2018:16:14:13 +0000] "GET /static/js/app.768f4889879376705476.js HTTP/1.1" 200 121569
::1 - - [30/Nov/2018:16:14:13 +0000] "GET /static/js/vendor.62c4293db8db85ae0b83.js HTTP/1.1" 200 1036871
::1 - - [30/Nov/2018:16:14:13 +0000] "GET /static/css/app.37da08df470b6f393449599b3042b48e.css.map HTTP/1.1" 200 305272
::1 - - [30/Nov/2018:16:14:13 +0000] "GET /static/js/manifest.2ae2e69a05c33dfc65f8.js.map HTTP/1.1" 200 4972
::1 - - [30/Nov/2018:16:14:13 +0000] "GET /static/js/app.768f4889879376705476.js.map HTTP/1.1" 200 363229
::1 - - [30/Nov/2018:16:14:13 +0000] "GET /static/js/vendor.62c4293db8db85ae0b83.js.map HTTP/1.1" 200 3761262
::1 - - [30/Nov/2018:16:14:14 +0000] "POST /post/myMapCafes HTTP/1.1" 200 18768
::1 - - [30/Nov/2018:16:14:16 +0000] "GET /static/img/loading.7699fd4.gif HTTP/1.1" 200 51055
::1 - - [30/Nov/2018:16:14:16 +0000] "GET / HTTP/1.1" 200 723
::1 - - [30/Nov/2018:16:14:40 +0000] "GET /?lat=35.1692904&lng=129.1757098 HTTP/1.1" 200 723
::1 - - [30/Nov/2018:16:14:40 +0000] "GET /static/css/app.37da08df470b6f393449599b3042b48e.css HTTP/1.1" 200 204841
::1 - - [30/Nov/2018:16:14:40 +0000] "GET /static/js/manifest.2ae2e69a05c33dfc65f8.js HTTP/1.1" 200 857
::1 - - [30/Nov/2018:16:14:40 +0000] "GET /static/js/app.768f4889879376705476.js HTTP/1.1" 200 121569
::1 - - [30/Nov/2018:16:14:40 +0000] "GET /static/js/vendor.62c4293db8db85ae0b83.js HTTP/1.1" 200 1036871
::1 - - [30/Nov/2018:16:14:41 +0000] "GET /static/css/app.37da08df470b6f393449599b3042b48e.css.map HTTP/1.1" 200 305272
::1 - - [30/Nov/2018:16:14:41 +0000] "GET /static/js/manifest.2ae2e69a05c33dfc65f8.js.map HTTP/1.1" 200 4972
::1 - - [30/Nov/2018:16:14:41 +0000] "GET /static/js/app.768f4889879376705476.js.map HTTP/1.1" 200 363229
::1 - - [30/Nov/2018:16:14:41 +0000] "GET /static/js/vendor.62c4293db8db85ae0b83.js.map HTTP/1.1" 200 3761262
::1 - - [30/Nov/2018:16:14:41 +0000] "POST /post/myMapCafes HTTP/1.1" 200 18768
::1 - - [30/Nov/2018:16:14:43 +0000] "GET / HTTP/1.1" 200 723
::1 - - [30/Nov/2018:16:14:43 +0000] "GET /static/img/loading.7699fd4.gif HTTP/1.1" 200 51055
::1 - - [30/Nov/2018:16:14:53 +0000] "GET /?lat=35.1692904&lng=129.1757098 HTTP/1.1" 200 723
::1 - - [30/Nov/2018:16:14:53 +0000] "GET /static/css/app.37da08df470b6f393449599b3042b48e.css HTTP/1.1" 200 204841
::1 - - [30/Nov/2018:16:14:53 +0000] "GET /static/js/manifest.2ae2e69a05c33dfc65f8.js HTTP/1.1" 200 857
::1 - - [30/Nov/2018:16:14:53 +0000] "GET /static/js/app.768f4889879376705476.js HTTP/1.1" 200 121569
::1 - - [30/Nov/2018:16:14:53 +0000] "GET /static/js/vendor.62c4293db8db85ae0b83.js HTTP/1.1" 200 1036871
::1 - - [30/Nov/2018:16:14:53 +0000] "GET /static/css/app.37da08df470b6f393449599b3042b48e.css.map HTTP/1.1" 200 305272
::1 - - [30/Nov/2018:16:14:54 +0000] "GET /static/js/manifest.2ae2e69a05c33dfc65f8.js.map HTTP/1.1" 200 4972
::1 - - [30/Nov/2018:16:14:54 +0000] "GET /static/js/vendor.62c4293db8db85ae0b83.js.map HTTP/1.1" 200 3761262
::1 - - [30/Nov/2018:16:14:54 +0000] "GET /static/js/app.768f4889879376705476.js.map HTTP/1.1" 200 363229
::1 - - [30/Nov/2018:16:14:54 +0000] "POST /post/myMapCafes HTTP/1.1" 200 18768
::1 - - [30/Nov/2018:16:14:59 +0000] "GET /static/img/loading.7699fd4.gif HTTP/1.1" 200 51055
::ffff:127.0.0.1 - - [30/Nov/2018:16:15:06 +0000] "POST /graphql HTTP/1.1" 200 4922
::1 - - [30/Nov/2018:16:15:06 +0000] "POST /board/pagePost HTTP/1.1" 200 4922
::1 - - [30/Nov/2018:16:15:08 +0000] "GET /?lat=35.1692904&lng=129.1757098 HTTP/1.1" 200 723
::1 - - [30/Nov/2018:16:15:08 +0000] "GET /static/css/app.37da08df470b6f393449599b3042b48e.css HTTP/1.1" 200 204841
::1 - - [30/Nov/2018:16:15:08 +0000] "GET /static/js/manifest.2ae2e69a05c33dfc65f8.js HTTP/1.1" 200 857
::1 - - [30/Nov/2018:16:15:08 +0000] "GET /static/js/app.768f4889879376705476.js HTTP/1.1" 200 121569
::1 - - [30/Nov/2018:16:15:08 +0000] "GET /static/js/vendor.62c4293db8db85ae0b83.js HTTP/1.1" 200 1036871
::1 - - [30/Nov/2018:16:15:08 +0000] "GET /static/css/app.37da08df470b6f393449599b3042b48e.css.map HTTP/1.1" 200 305272
::1 - - [30/Nov/2018:16:15:09 +0000] "GET /static/js/manifest.2ae2e69a05c33dfc65f8.js.map HTTP/1.1" 200 4972
::1 - - [30/Nov/2018:16:15:09 +0000] "GET /static/js/vendor.62c4293db8db85ae0b83.js.map HTTP/1.1" 200 3761262
::1 - - [30/Nov/2018:16:15:09 +0000] "GET /static/js/app.768f4889879376705476.js.map HTTP/1.1" 200 363229
::1 - - [30/Nov/2018:16:15:09 +0000] "POST /post/myMapCafes HTTP/1.1" 200 18768
::1 - - [30/Nov/2018:16:15:11 +0000] "GET /static/img/loading.7699fd4.gif HTTP/1.1" 200 51055
::ffff:127.0.0.1 - - [30/Nov/2018:16:15:12 +0000] "POST /graphql HTTP/1.1" 200 129
::1 - - [30/Nov/2018:16:15:12 +0000] "GET /board/getNotice HTTP/1.1" 200 129
::ffff:127.0.0.1 - - [30/Nov/2018:16:15:19 +0000] "POST /graphql HTTP/1.1" 200 4922
::1 - - [30/Nov/2018:16:15:19 +0000] "POST /board/pagePost HTTP/1.1" 200 4922
::1 - - [30/Nov/2018:16:15:25 +0000] "POST /auth/login HTTP/1.1" 200 209
::1 - - [30/Nov/2018:16:15:25 +0000] "GET / HTTP/1.1" 200 723
::1 - - [30/Nov/2018:16:21:04 +0000] "GET /profile HTTP/1.1" 404 1426
::1 - - [30/Nov/2018:16:21:14 +0000] "GET / HTTP/1.1" 200 723
::1 - - [30/Nov/2018:16:21:14 +0000] "GET /static/css/app.37da08df470b6f393449599b3042b48e.css HTTP/1.1" 200 204841
::1 - - [30/Nov/2018:16:21:14 +0000] "GET /static/js/manifest.2ae2e69a05c33dfc65f8.js HTTP/1.1" 200 857
::1 - - [30/Nov/2018:16:21:14 +0000] "GET /static/js/app.768f4889879376705476.js HTTP/1.1" 200 121569
::1 - - [30/Nov/2018:16:21:14 +0000] "GET /static/js/vendor.62c4293db8db85ae0b83.js HTTP/1.1" 200 1036871
::1 - - [30/Nov/2018:16:21:14 +0000] "GET /static/css/app.37da08df470b6f393449599b3042b48e.css.map HTTP/1.1" 200 305272
::1 - - [30/Nov/2018:16:21:14 +0000] "GET /static/js/manifest.2ae2e69a05c33dfc65f8.js.map HTTP/1.1" 200 4972
::1 - - [30/Nov/2018:16:21:14 +0000] "GET /static/js/app.768f4889879376705476.js.map HTTP/1.1" 200 363229
::1 - - [30/Nov/2018:16:21:14 +0000] "GET /static/js/vendor.62c4293db8db85ae0b83.js.map HTTP/1.1" 200 3761262
::1 - - [30/Nov/2018:16:21:15 +0000] "GET /?lat=35.1691453&lng=129.1758736 HTTP/1.1" 200 723
::1 - - [30/Nov/2018:16:21:15 +0000] "GET /static/css/app.37da08df470b6f393449599b3042b48e.css HTTP/1.1" 200 204841
::1 - - [30/Nov/2018:16:21:15 +0000] "GET /static/js/manifest.2ae2e69a05c33dfc65f8.js HTTP/1.1" 200 857
::1 - - [30/Nov/2018:16:21:15 +0000] "GET /static/js/vendor.62c4293db8db85ae0b83.js HTTP/1.1" 200 1036871
::1 - - [30/Nov/2018:16:21:15 +0000] "GET /static/js/app.768f4889879376705476.js HTTP/1.1" 200 121569
::1 - - [30/Nov/2018:16:21:15 +0000] "GET /static/css/app.37da08df470b6f393449599b3042b48e.css.map HTTP/1.1" 200 305272
::1 - - [30/Nov/2018:16:21:16 +0000] "GET /static/js/manifest.2ae2e69a05c33dfc65f8.js.map HTTP/1.1" 200 4972
::1 - - [30/Nov/2018:16:21:16 +0000] "GET /static/js/app.768f4889879376705476.js.map HTTP/1.1" 200 363229
::1 - - [30/Nov/2018:16:21:16 +0000] "GET /static/js/vendor.62c4293db8db85ae0b83.js.map HTTP/1.1" 200 3761262
::1 - - [30/Nov/2018:16:21:16 +0000] "POST /post/myMapCafes HTTP/1.1" 200 18760
::1 - - [30/Nov/2018:16:21:18 +0000] "GET /static/img/loading.7699fd4.gif HTTP/1.1" 200 51055
::1 - - [30/Nov/2018:16:21:18 +0000] "GET / HTTP/1.1" 200 723
::ffff:127.0.0.1 - - [30/Nov/2018:16:21:22 +0000] "POST /graphql HTTP/1.1" 200 129
::1 - - [30/Nov/2018:16:21:22 +0000] "GET /board/getNotice HTTP/1.1" 200 129
::1 - - [30/Nov/2018:16:21:30 +0000] "GET /static/img/loading.7699fd4.gif HTTP/1.1" 200 51055
::ffff:127.0.0.1 - - [30/Nov/2018:16:21:37 +0000] "POST /graphql HTTP/1.1" 200 4922
::1 - - [30/Nov/2018:16:21:37 +0000] "POST /board/pagePost HTTP/1.1" 200 4922
::1 - - [30/Nov/2018:16:21:48 +0000] "GET /static/img/loading.7699fd4.gif HTTP/1.1" 200 51055
::ffff:127.0.0.1 - - [30/Nov/2018:16:21:49 +0000] "POST /graphql HTTP/1.1" 200 1446
::1 - - [30/Nov/2018:16:21:49 +0000] "POST /board/pagePost HTTP/1.1" 200 1459
::1 - - [30/Nov/2018:16:21:57 +0000] "GET / HTTP/1.1" 200 723
::1 - - [30/Nov/2018:16:23:27 +0000] "POST /post/myMapCafes HTTP/1.1" 200 2
::1 - - [30/Nov/2018:16:23:41 +0000] "POST /post/myMapCafes HTTP/1.1" 200 2
::1 - - [30/Nov/2018:16:24:00 +0000] "POST /auth/login HTTP/1.1" 200 209
::1 - - [30/Nov/2018:16:24:01 +0000] "GET / HTTP/1.1" 200 723
::1 - - [30/Nov/2018:16:25:07 +0000] "POST /post/myMapCafes HTTP/1.1" 200 2
::ffff:127.0.0.1 - - [30/Nov/2018:16:25:12 +0000] "POST /graphql HTTP/1.1" 200 4922
::1 - - [30/Nov/2018:16:25:12 +0000] "POST /board/pagePost HTTP/1.1" 200 4922
::ffff:127.0.0.1 - - [30/Nov/2018:16:25:15 +0000] "POST /graphql HTTP/1.1" 200 129
::1 - - [30/Nov/2018:16:25:15 +0000] "GET /board/getNotice HTTP/1.1" 200 129
::ffff:127.0.0.1 - - [30/Nov/2018:16:25:18 +0000] "POST /graphql HTTP/1.1" 200 4922
::1 - - [30/Nov/2018:16:25:18 +0000] "POST /board/pagePost HTTP/1.1" 200 4922
::1 - - [30/Nov/2018:16:25:28 +0000] "POST /auth/login HTTP/1.1" 200 209
::1 - - [30/Nov/2018:16:25:29 +0000] "GET / HTTP/1.1" 200 723
::1 - - [30/Nov/2018:16:25:50 +0000] "GET / HTTP/1.1" 304 -
::1 - - [30/Nov/2018:16:26:15 +0000] "GET /profile HTTP/1.1" 404 1426
::1 - - [30/Nov/2018:16:26:17 +0000] "GET /profile HTTP/1.1" 404 1426
::1 - - [30/Nov/2018:16:26:21 +0000] "GET / HTTP/1.1" 200 723
::1 - - [30/Nov/2018:16:26:21 +0000] "GET /static/css/app.37da08df470b6f393449599b3042b48e.css HTTP/1.1" 200 204841
::1 - - [30/Nov/2018:16:26:21 +0000] "GET /static/js/manifest.2ae2e69a05c33dfc65f8.js HTTP/1.1" 200 857
::1 - - [30/Nov/2018:16:26:21 +0000] "GET /static/js/app.768f4889879376705476.js HTTP/1.1" 200 121569
::1 - - [30/Nov/2018:16:26:21 +0000] "GET /static/js/vendor.62c4293db8db85ae0b83.js HTTP/1.1" 200 1036871
::1 - - [30/Nov/2018:16:26:22 +0000] "GET /static/css/app.37da08df470b6f393449599b3042b48e.css.map HTTP/1.1" 200 305272
::1 - - [30/Nov/2018:16:26:22 +0000] "GET /static/js/manifest.2ae2e69a05c33dfc65f8.js.map HTTP/1.1" 200 4972
::1 - - [30/Nov/2018:16:26:22 +0000] "GET /static/js/app.768f4889879376705476.js.map HTTP/1.1" 200 363229
::1 - - [30/Nov/2018:16:26:22 +0000] "GET /static/js/vendor.62c4293db8db85ae0b83.js.map HTTP/1.1" 200 3761262
::1 - - [30/Nov/2018:16:26:23 +0000] "GET /?lat=35.1693141&lng=129.17567549999998 HTTP/1.1" 200 723
::1 - - [30/Nov/2018:16:26:23 +0000] "GET /static/css/app.37da08df470b6f393449599b3042b48e.css HTTP/1.1" 200 204841
::1 - - [30/Nov/2018:16:26:23 +0000] "GET /static/js/manifest.2ae2e69a05c33dfc65f8.js HTTP/1.1" 200 857
::1 - - [30/Nov/2018:16:26:23 +0000] "GET /static/js/app.768f4889879376705476.js HTTP/1.1" 200 121569
::1 - - [30/Nov/2018:16:26:23 +0000] "GET /static/js/vendor.62c4293db8db85ae0b83.js HTTP/1.1" 200 1036871
::1 - - [30/Nov/2018:16:26:23 +0000] "GET /static/css/app.37da08df470b6f393449599b3042b48e.css.map HTTP/1.1" 200 305272
::1 - - [30/Nov/2018:16:26:23 +0000] "GET /static/js/manifest.2ae2e69a05c33dfc65f8.js.map HTTP/1.1" 200 4972
::1 - - [30/Nov/2018:16:26:23 +0000] "GET /static/js/app.768f4889879376705476.js.map HTTP/1.1" 200 363229
::1 - - [30/Nov/2018:16:26:23 +0000] "GET /static/js/vendor.62c4293db8db85ae0b83.js.map HTTP/1.1" 200 3761262
::1 - - [30/Nov/2018:16:26:24 +0000] "POST /post/myMapCafes HTTP/1.1" 200 18768
::1 - - [30/Nov/2018:16:26:26 +0000] "GET /static/img/loading.7699fd4.gif HTTP/1.1" 200 51055
::1 - - [30/Nov/2018:16:26:26 +0000] "GET / HTTP/1.1" 200 723
::1 - - [30/Nov/2018:16:26:31 +0000] "GET /profile HTTP/1.1" 404 1426
::1 - - [30/Nov/2018:16:26:39 +0000] "GET /?lat=35.1693141&lng=129.17567549999998 HTTP/1.1" 200 723
::1 - - [30/Nov/2018:16:26:39 +0000] "GET /static/css/app.37da08df470b6f393449599b3042b48e.css HTTP/1.1" 200 204841
::1 - - [30/Nov/2018:16:26:39 +0000] "GET /static/js/manifest.2ae2e69a05c33dfc65f8.js HTTP/1.1" 200 857
::1 - - [30/Nov/2018:16:26:39 +0000] "GET /static/js/app.768f4889879376705476.js HTTP/1.1" 200 121569
::1 - - [30/Nov/2018:16:26:39 +0000] "GET /static/js/vendor.62c4293db8db85ae0b83.js HTTP/1.1" 200 1036871
::1 - - [30/Nov/2018:16:26:39 +0000] "GET /static/css/app.37da08df470b6f393449599b3042b48e.css.map HTTP/1.1" 200 305272
::1 - - [30/Nov/2018:16:26:39 +0000] "GET /static/js/manifest.2ae2e69a05c33dfc65f8.js.map HTTP/1.1" 200 4972
::1 - - [30/Nov/2018:16:26:39 +0000] "GET /static/js/app.768f4889879376705476.js.map HTTP/1.1" 200 363229
::1 - - [30/Nov/2018:16:26:39 +0000] "GET /static/js/vendor.62c4293db8db85ae0b83.js.map HTTP/1.1" 200 3761262
::1 - - [30/Nov/2018:16:26:39 +0000] "POST /post/myMapCafes HTTP/1.1" 200 18768
::1 - - [30/Nov/2018:16:26:44 +0000] "GET /static/img/loading.7699fd4.gif HTTP/1.1" 200 51055
::1 - - [30/Nov/2018:16:26:45 +0000] "POST /auth/login HTTP/1.1" 200 209
::1 - - [30/Nov/2018:16:26:46 +0000] "GET / HTTP/1.1" 200 723
::1 - - [30/Nov/2018:16:26:58 +0000] "POST /post/myMapCafes HTTP/1.1" 200 2
::1 - - [30/Nov/2018:16:27:04 +0000] "POST /auth/login HTTP/1.1" 200 209
::1 - - [30/Nov/2018:16:27:05 +0000] "GET / HTTP/1.1" 200 723
::1 - - [30/Nov/2018:16:28:48 +0000] "GET /?lat=35.169204799999996&lng=129.1759585 HTTP/1.1" 200 723
::1 - - [30/Nov/2018:16:28:48 +0000] "GET /static/css/app.37da08df470b6f393449599b3042b48e.css HTTP/1.1" 200 204841
::1 - - [30/Nov/2018:16:28:48 +0000] "GET /static/js/manifest.2ae2e69a05c33dfc65f8.js HTTP/1.1" 200 857
::1 - - [30/Nov/2018:16:28:48 +0000] "GET /static/js/app.768f4889879376705476.js HTTP/1.1" 200 121569
::1 - - [30/Nov/2018:16:28:48 +0000] "GET /static/js/vendor.62c4293db8db85ae0b83.js HTTP/1.1" 200 1036871
::1 - - [30/Nov/2018:16:28:48 +0000] "GET /static/css/app.37da08df470b6f393449599b3042b48e.css.map HTTP/1.1" 200 305272
::1 - - [30/Nov/2018:16:28:49 +0000] "GET /static/js/manifest.2ae2e69a05c33dfc65f8.js.map HTTP/1.1" 200 4972
::1 - - [30/Nov/2018:16:28:49 +0000] "GET /static/js/app.768f4889879376705476.js.map HTTP/1.1" 200 363229
::1 - - [30/Nov/2018:16:28:49 +0000] "GET /static/js/vendor.62c4293db8db85ae0b83.js.map HTTP/1.1" 200 3761262
::1 - - [30/Nov/2018:16:28:49 +0000] "POST /post/myMapCafes HTTP/1.1" 200 18681
::1 - - [30/Nov/2018:16:28:58 +0000] "POST /post/myMapCafes HTTP/1.1" 200 2
::1 - - [30/Nov/2018:16:29:08 +0000] "GET /static/img/loading.7699fd4.gif HTTP/1.1" 200 51055
::ffff:127.0.0.1 - - [30/Nov/2018:16:29:15 +0000] "POST /graphql HTTP/1.1" 200 4922
::1 - - [30/Nov/2018:16:29:15 +0000] "POST /board/pagePost HTTP/1.1" 200 4922
::1 - - [30/Nov/2018:16:29:30 +0000] "GET /static/img/loading.7699fd4.gif HTTP/1.1" 200 51055
::ffff:127.0.0.1 - - [30/Nov/2018:16:29:31 +0000] "POST /graphql HTTP/1.1" 200 129
::1 - - [30/Nov/2018:16:29:31 +0000] "GET /board/getNotice HTTP/1.1" 200 129
::1 - - [30/Nov/2018:16:29:38 +0000] "GET /?lat=35.1691791&lng=129.1760217 HTTP/1.1" 200 723
::1 - - [30/Nov/2018:16:29:38 +0000] "GET /static/css/app.37da08df470b6f393449599b3042b48e.css HTTP/1.1" 200 204841
::1 - - [30/Nov/2018:16:29:38 +0000] "GET /static/js/manifest.2ae2e69a05c33dfc65f8.js HTTP/1.1" 200 857
::1 - - [30/Nov/2018:16:29:38 +0000] "GET /static/js/app.768f4889879376705476.js HTTP/1.1" 200 121569
::1 - - [30/Nov/2018:16:29:38 +0000] "GET /static/js/vendor.62c4293db8db85ae0b83.js HTTP/1.1" 200 1036871
::1 - - [30/Nov/2018:16:29:38 +0000] "GET /static/css/app.37da08df470b6f393449599b3042b48e.css.map HTTP/1.1" 200 305272
::1 - - [30/Nov/2018:16:29:38 +0000] "GET /static/js/manifest.2ae2e69a05c33dfc65f8.js.map HTTP/1.1" 200 4972
::1 - - [30/Nov/2018:16:29:38 +0000] "GET /static/js/app.768f4889879376705476.js.map HTTP/1.1" 200 363229
::1 - - [30/Nov/2018:16:29:38 +0000] "GET /static/js/vendor.62c4293db8db85ae0b83.js.map HTTP/1.1" 200 3761262
::1 - - [30/Nov/2018:16:29:39 +0000] "POST /post/myMapCafes HTTP/1.1" 200 18722
::1 - - [01/Dec/2018:04:48:40 +0000] "POST /post/myMapCafes HTTP/1.1" 200 2
::1 - - [01/Dec/2018:04:48:46 +0000] "POST /auth/login HTTP/1.1" 200 209
::1 - - [01/Dec/2018:04:48:47 +0000] "GET / HTTP/1.1" 404 1412
::1 - - [01/Dec/2018:05:03:36 +0000] "GET / HTTP/1.1" 404 1412
::1 - - [01/Dec/2018:05:04:06 +0000] "POST /post/myMapCafes HTTP/1.1" 200 2
::1 - - [01/Dec/2018:05:04:08 +0000] "GET / HTTP/1.1" 404 1412
::1 - - [01/Dec/2018:05:04:17 +0000] "GET / HTTP/1.1" 404 1412
::1 - - [01/Dec/2018:05:05:24 +0000] "GET / HTTP/1.1" 404 1412
::1 - - [01/Dec/2018:05:06:29 +0000] "POST /post/myMapCafes HTTP/1.1" 200 2
::1 - - [01/Dec/2018:05:06:54 +0000] "POST /post/myMapCafes HTTP/1.1" 200 2
::1 - - [01/Dec/2018:05:07:08 +0000] "GET / HTTP/1.1" 404 1412
::1 - - [01/Dec/2018:05:07:42 +0000] "GET / HTTP/1.1" 404 1412
::1 - - [01/Dec/2018:05:08:36 +0000] "POST /post/myMapCafes HTTP/1.1" 200 2
::1 - - [01/Dec/2018:05:08:41 +0000] "POST /post/myMapCafes HTTP/1.1" 200 2
::1 - - [01/Dec/2018:05:11:36 +0000] "POST /post/myMapCafes HTTP/1.1" 200 2
::1 - - [01/Dec/2018:05:11:41 +0000] "POST /post/myMapCafes HTTP/1.1" 200 2
::1 - - [01/Dec/2018:05:12:46 +0000] "POST /auth/login HTTP/1.1" 200 209
::1 - - [01/Dec/2018:05:13:47 +0000] "POST /post/myMapCafes HTTP/1.1" 200 2
::1 - - [01/Dec/2018:05:14:15 +0000] "POST /post/myMapCafes HTTP/1.1" 200 7293
::1 - - [01/Dec/2018:05:14:40 +0000] "POST /post/myMapCafes HTTP/1.1" 200 7293
::1 - - [01/Dec/2018:05:15:18 +0000] "POST /auth/login HTTP/1.1" 200 209
::1 - - [01/Dec/2018:05:22:38 +0000] "POST /post/myMapCafes HTTP/1.1" 200 7293
::1 - - [01/Dec/2018:05:23:07 +0000] "POST /post/myMapCafes HTTP/1.1" 200 7293
::1 - - [01/Dec/2018:05:23:32 +0000] "GET /auth/checkToken HTTP/1.1" 404 1442
::1 - - [01/Dec/2018:05:23:32 +0000] "GET /auth/checkToken HTTP/1.1" 404 1442
::1 - - [01/Dec/2018:05:23:38 +0000] "GET /auth/checkToken HTTP/1.1" 404 1442
::1 - - [01/Dec/2018:05:24:13 +0000] "POST /post/myMapCafes HTTP/1.1" 200 7293
::1 - - [01/Dec/2018:05:24:27 +0000] "POST /auth/login HTTP/1.1" 200 209
::1 - - [01/Dec/2018:05:24:28 +0000] "GET /auth/checkToken HTTP/1.1" 404 1442
::1 - - [01/Dec/2018:05:25:13 +0000] "GET /auth/checkToken HTTP/1.1" 404 1442
::1 - - [01/Dec/2018:05:28:18 +0000] "POST /auth/checkToken HTTP/1.1" 200 87
::1 - - [01/Dec/2018:05:28:18 +0000] "POST /auth/checkToken HTTP/1.1" 200 87
::1 - - [01/Dec/2018:05:28:52 +0000] "POST /auth/checkToken HTTP/1.1" 200 87
::1 - - [01/Dec/2018:05:28:52 +0000] "POST /auth/checkToken HTTP/1.1" 200 87
::1 - - [01/Dec/2018:05:29:06 +0000] "POST /auth/checkToken HTTP/1.1" 200 87
::1 - - [01/Dec/2018:05:29:17 +0000] "POST /post/myMapCafes HTTP/1.1" 200 7293
::1 - - [01/Dec/2018:05:29:22 +0000] "POST /auth/login HTTP/1.1" 200 209
::1 - - [01/Dec/2018:05:29:23 +0000] "POST /auth/checkToken HTTP/1.1" 200 87
::1 - - [01/Dec/2018:05:31:17 +0000] "GET / HTTP/1.1" 404 1412
::1 - - [01/Dec/2018:05:31:17 +0000] "GET / HTTP/1.1" 404 1412
::1 - - [01/Dec/2018:05:32:46 +0000] "POST /auth/login HTTP/1.1" 200 209
::1 - - [01/Dec/2018:05:32:47 +0000] "GET / HTTP/1.1" 404 1412
::1 - - [01/Dec/2018:05:33:38 +0000] "POST /auth/login HTTP/1.1" 200 209
::1 - - [01/Dec/2018:05:33:38 +0000] "GET / HTTP/1.1" 404 1412
::1 - - [01/Dec/2018:05:38:48 +0000] "POST /auth/login HTTP/1.1" 422 399
::1 - - [01/Dec/2018:05:45:23 +0000] "POST /post/myMapCafes HTTP/1.1" 200 7293
::1 - - [01/Dec/2018:05:45:31 +0000] "POST /auth/login HTTP/1.1" 422 334
::1 - - [01/Dec/2018:05:45:38 +0000] "POST /auth/login HTTP/1.1" 200 209
::1 - - [01/Dec/2018:05:45:39 +0000] "GET / HTTP/1.1" 404 1412
::1 - - [01/Dec/2018:05:52:16 +0000] "POST /post/myMapCafes HTTP/1.1" 200 7293
::1 - - [01/Dec/2018:05:52:23 +0000] "POST /auth/login HTTP/1.1" 200 209
::1 - - [01/Dec/2018:05:52:24 +0000] "GET / HTTP/1.1" 404 1412
::1 - - [01/Dec/2018:05:53:16 +0000] "POST /auth/login HTTP/1.1" 200 209
::1 - - [01/Dec/2018:05:53:17 +0000] "POST / HTTP/1.1" 200 119
::ffff:127.0.0.1 - - [01/Dec/2018:05:53:22 +0000] "POST /graphql HTTP/1.1" 200 10445
::1 - - [01/Dec/2018:05:53:22 +0000] "POST /board/user HTTP/1.1" 200 10445
::1 - - [01/Dec/2018:05:58:06 +0000] "GET / HTTP/1.1" 200 723
::1 - - [01/Dec/2018:05:58:06 +0000] "GET /static/js/manifest.2ae2e69a05c33dfc65f8.js HTTP/1.1" 200 857
::1 - - [01/Dec/2018:05:58:06 +0000] "GET /static/css/app.b26f2d75191e76860e788e65ece4bf67.css HTTP/1.1" 200 204841
::1 - - [01/Dec/2018:05:58:06 +0000] "GET /static/js/app.adfa7d7dc7935ad1c2c9.js HTTP/1.1" 200 121687
::1 - - [01/Dec/2018:05:58:06 +0000] "GET /static/js/vendor.62c4293db8db85ae0b83.js HTTP/1.1" 200 1036871
::1 - - [01/Dec/2018:05:58:07 +0000] "GET /static/css/app.b26f2d75191e76860e788e65ece4bf67.css.map HTTP/1.1" 200 305290
::1 - - [01/Dec/2018:05:58:07 +0000] "GET /static/js/manifest.2ae2e69a05c33dfc65f8.js.map HTTP/1.1" 200 4972
::1 - - [01/Dec/2018:05:58:07 +0000] "GET /static/js/app.adfa7d7dc7935ad1c2c9.js.map HTTP/1.1" 200 363526
::1 - - [01/Dec/2018:05:58:07 +0000] "GET /static/js/vendor.62c4293db8db85ae0b83.js.map HTTP/1.1" 200 3761262
::1 - - [01/Dec/2018:06:00:17 +0000] "GET / HTTP/1.1" 200 723
::1 - - [01/Dec/2018:06:00:17 +0000] "GET /static/css/app.b26f2d75191e76860e788e65ece4bf67.css HTTP/1.1" 200 204841
::1 - - [01/Dec/2018:06:00:17 +0000] "GET /static/js/manifest.2ae2e69a05c33dfc65f8.js HTTP/1.1" 200 857
::1 - - [01/Dec/2018:06:00:17 +0000] "GET /static/js/app.adfa7d7dc7935ad1c2c9.js HTTP/1.1" 200 121687
::1 - - [01/Dec/2018:06:00:17 +0000] "GET /static/js/vendor.62c4293db8db85ae0b83.js HTTP/1.1" 200 1036871
::1 - - [01/Dec/2018:06:00:17 +0000] "GET /static/css/app.b26f2d75191e76860e788e65ece4bf67.css.map HTTP/1.1" 200 305290
::1 - - [01/Dec/2018:06:00:18 +0000] "GET /static/js/manifest.2ae2e69a05c33dfc65f8.js.map HTTP/1.1" 200 4972
::1 - - [01/Dec/2018:06:00:18 +0000] "GET /static/js/app.adfa7d7dc7935ad1c2c9.js.map HTTP/1.1" 200 363526
::1 - - [01/Dec/2018:06:00:18 +0000] "GET /static/js/vendor.62c4293db8db85ae0b83.js.map HTTP/1.1" 200 3761262
::1 - - [01/Dec/2018:06:00:19 +0000] "GET /?lat=35.1658356&lng=129.1859926 HTTP/1.1" 200 723
::1 - - [01/Dec/2018:06:00:19 +0000] "GET /static/css/app.b26f2d75191e76860e788e65ece4bf67.css HTTP/1.1" 200 204841
::1 - - [01/Dec/2018:06:00:19 +0000] "GET /static/js/manifest.2ae2e69a05c33dfc65f8.js HTTP/1.1" 200 857
::1 - - [01/Dec/2018:06:00:19 +0000] "GET /static/js/app.adfa7d7dc7935ad1c2c9.js HTTP/1.1" 200 121687
::1 - - [01/Dec/2018:06:00:19 +0000] "GET /static/js/vendor.62c4293db8db85ae0b83.js HTTP/1.1" 200 1036871
::1 - - [01/Dec/2018:06:00:19 +0000] "GET /static/css/app.b26f2d75191e76860e788e65ece4bf67.css.map HTTP/1.1" 200 305290
::1 - - [01/Dec/2018:06:00:20 +0000] "GET /static/js/manifest.2ae2e69a05c33dfc65f8.js.map HTTP/1.1" 200 4972
::1 - - [01/Dec/2018:06:00:20 +0000] "GET /static/js/app.adfa7d7dc7935ad1c2c9.js.map HTTP/1.1" 200 363526
::1 - - [01/Dec/2018:06:00:20 +0000] "GET /static/js/vendor.62c4293db8db85ae0b83.js.map HTTP/1.1" 200 3761262
::1 - - [01/Dec/2018:06:00:20 +0000] "POST /post/myMapCafes HTTP/1.1" 200 7293
::1 - - [01/Dec/2018:06:00:26 +0000] "GET /static/img/loading.7699fd4.gif HTTP/1.1" 200 51055
::1 - - [01/Dec/2018:06:00:26 +0000] "POST /auth/login HTTP/1.1" 200 209
::1 - - [01/Dec/2018:06:00:27 +0000] "POST / HTTP/1.1" 200 119
::ffff:127.0.0.1 - - [01/Dec/2018:06:00:32 +0000] "POST /graphql HTTP/1.1" 200 10445
::1 - - [01/Dec/2018:06:00:32 +0000] "POST /board/user HTTP/1.1" 200 10445
::1 - - [01/Dec/2018:06:00:42 +0000] "GET /?lat=35.1658356&lng=129.1859926 HTTP/1.1" 200 723
::1 - - [01/Dec/2018:06:00:42 +0000] "GET /static/css/app.b26f2d75191e76860e788e65ece4bf67.css HTTP/1.1" 200 204841
::1 - - [01/Dec/2018:06:00:42 +0000] "GET /static/js/manifest.2ae2e69a05c33dfc65f8.js HTTP/1.1" 200 857
::1 - - [01/Dec/2018:06:00:42 +0000] "GET /static/js/app.adfa7d7dc7935ad1c2c9.js HTTP/1.1" 200 121687
::1 - - [01/Dec/2018:06:00:42 +0000] "GET /static/js/vendor.62c4293db8db85ae0b83.js HTTP/1.1" 200 1036871
::1 - - [01/Dec/2018:06:00:43 +0000] "GET /static/css/app.b26f2d75191e76860e788e65ece4bf67.css.map HTTP/1.1" 200 305290
::1 - - [01/Dec/2018:06:00:43 +0000] "GET /static/js/manifest.2ae2e69a05c33dfc65f8.js.map HTTP/1.1" 200 4972
::1 - - [01/Dec/2018:06:00:43 +0000] "GET /static/js/app.adfa7d7dc7935ad1c2c9.js.map HTTP/1.1" 200 363526
::1 - - [01/Dec/2018:06:00:43 +0000] "GET /static/js/vendor.62c4293db8db85ae0b83.js.map HTTP/1.1" 200 3761262
::1 - - [01/Dec/2018:06:00:43 +0000] "POST /post/myMapCafes HTTP/1.1" 200 7293
::1 - - [01/Dec/2018:06:01:39 +0000] "GET /static/img/loading.7699fd4.gif HTTP/1.1" 200 51055
::ffff:127.0.0.1 - - [01/Dec/2018:06:01:40 +0000] "POST /graphql HTTP/1.1" 200 4922
::1 - - [01/Dec/2018:06:01:40 +0000] "POST /board/pagePost HTTP/1.1" 200 4922
::1 - - [01/Dec/2018:06:01:44 +0000] "GET /static/img/loading.7699fd4.gif HTTP/1.1" 200 51055
::ffff:127.0.0.1 - - [01/Dec/2018:06:01:44 +0000] "POST /graphql HTTP/1.1" 200 129
::1 - - [01/Dec/2018:06:01:44 +0000] "GET /board/getNotice HTTP/1.1" 200 129
::1 - - [01/Dec/2018:06:01:55 +0000] "POST / HTTP/1.1" 200 119
::ffff:127.0.0.1 - - [01/Dec/2018:06:01:56 +0000] "POST /graphql HTTP/1.1" 200 10445
::1 - - [01/Dec/2018:06:01:56 +0000] "POST /board/user HTTP/1.1" 200 10445
::1 - - [01/Dec/2018:06:02:02 +0000] "GET /?lat=35.1658573&lng=129.1859062 HTTP/1.1" 200 723
::1 - - [01/Dec/2018:06:02:02 +0000] "GET /static/css/app.b26f2d75191e76860e788e65ece4bf67.css HTTP/1.1" 200 204841
::1 - - [01/Dec/2018:06:02:02 +0000] "GET /static/js/manifest.2ae2e69a05c33dfc65f8.js HTTP/1.1" 200 857
::1 - - [01/Dec/2018:06:02:02 +0000] "GET /static/js/app.adfa7d7dc7935ad1c2c9.js HTTP/1.1" 200 121687
::1 - - [01/Dec/2018:06:02:02 +0000] "GET /static/js/vendor.62c4293db8db85ae0b83.js HTTP/1.1" 200 1036871
::1 - - [01/Dec/2018:06:02:02 +0000] "GET /static/css/app.b26f2d75191e76860e788e65ece4bf67.css.map HTTP/1.1" 200 305290
::1 - - [01/Dec/2018:06:02:03 +0000] "GET /static/js/manifest.2ae2e69a05c33dfc65f8.js.map HTTP/1.1" 200 4972
::1 - - [01/Dec/2018:06:02:03 +0000] "GET /static/js/app.adfa7d7dc7935ad1c2c9.js.map HTTP/1.1" 200 363526
::1 - - [01/Dec/2018:06:02:03 +0000] "GET /static/js/vendor.62c4293db8db85ae0b83.js.map HTTP/1.1" 200 3761262
::1 - - [01/Dec/2018:06:02:03 +0000] "POST /post/myMapCafes HTTP/1.1" 200 7742
::1 - - [01/Dec/2018:06:06:20 +0000] "GET /?lat=35.1658227&lng=129.18598219999998 HTTP/1.1" 200 723
::1 - - [01/Dec/2018:06:06:20 +0000] "GET /static/css/app.b26f2d75191e76860e788e65ece4bf67.css HTTP/1.1" 200 204841
::1 - - [01/Dec/2018:06:06:20 +0000] "GET /static/js/manifest.2ae2e69a05c33dfc65f8.js HTTP/1.1" 200 857
::1 - - [01/Dec/2018:06:06:20 +0000] "GET /static/js/app.adfa7d7dc7935ad1c2c9.js HTTP/1.1" 200 121687
::1 - - [01/Dec/2018:06:06:20 +0000] "GET /static/js/vendor.62c4293db8db85ae0b83.js HTTP/1.1" 200 1036871
::1 - - [01/Dec/2018:06:06:20 +0000] "GET /static/css/app.b26f2d75191e76860e788e65ece4bf67.css.map HTTP/1.1" 200 305290
::1 - - [01/Dec/2018:06:06:21 +0000] "GET /static/js/manifest.2ae2e69a05c33dfc65f8.js.map HTTP/1.1" 200 4972
::1 - - [01/Dec/2018:06:06:21 +0000] "GET /static/js/app.adfa7d7dc7935ad1c2c9.js.map HTTP/1.1" 200 363526
::1 - - [01/Dec/2018:06:06:21 +0000] "GET /static/js/vendor.62c4293db8db85ae0b83.js.map HTTP/1.1" 200 3761262
::1 - - [01/Dec/2018:06:06:21 +0000] "POST /post/myMapCafes HTTP/1.1" 200 7293
::1 - - [01/Dec/2018:06:07:04 +0000] "GET /static/img/loading.7699fd4.gif HTTP/1.1" 200 51055
::1 - - [01/Dec/2018:06:07:04 +0000] "POST /auth/login HTTP/1.1" 200 209
::1 - - [01/Dec/2018:06:07:05 +0000] "POST / HTTP/1.1" 200 119
::ffff:127.0.0.1 - - [01/Dec/2018:06:07:06 +0000] "POST /graphql HTTP/1.1" 200 10445
::1 - - [01/Dec/2018:06:07:06 +0000] "POST /board/user HTTP/1.1" 200 10445
::ffff:127.0.0.1 - - [01/Dec/2018:06:07:48 +0000] "POST /graphql HTTP/1.1" 200 4922
::1 - - [01/Dec/2018:06:07:48 +0000] "POST /board/pagePost HTTP/1.1" 200 4922
::1 - - [01/Dec/2018:06:07:50 +0000] "POST / HTTP/1.1" 200 119
::ffff:127.0.0.1 - - [01/Dec/2018:06:07:50 +0000] "POST /graphql HTTP/1.1" 200 10445
::1 - - [01/Dec/2018:06:07:50 +0000] "POST /board/user HTTP/1.1" 200 10445
::ffff:127.0.0.1 - - [01/Dec/2018:06:16:07 +0000] "POST /graphql HTTP/1.1" 200 129
::1 - - [01/Dec/2018:06:16:07 +0000] "GET /board/getNotice HTTP/1.1" 200 129
::1 - - [01/Dec/2018:06:16:09 +0000] "POST / HTTP/1.1" 200 24
::1 - - [01/Dec/2018:06:20:56 +0000] "GET /notice HTTP/1.1" 404 1424
::1 - - [01/Dec/2018:06:20:58 +0000] "GET /notice HTTP/1.1" 404 1424
::1 - - [01/Dec/2018:06:20:58 +0000] "GET /notice HTTP/1.1" 404 1424
::1 - - [01/Dec/2018:06:20:59 +0000] "GET /notice HTTP/1.1" 404 1424
::1 - - [01/Dec/2018:06:21:06 +0000] "GET /notice HTTP/1.1" 404 1424
::1 - - [01/Dec/2018:06:21:11 +0000] "GET / HTTP/1.1" 200 723
::1 - - [01/Dec/2018:06:21:11 +0000] "GET /static/css/app.b26f2d75191e76860e788e65ece4bf67.css HTTP/1.1" 200 204841
::1 - - [01/Dec/2018:06:21:11 +0000] "GET /static/js/manifest.2ae2e69a05c33dfc65f8.js HTTP/1.1" 200 857
::1 - - [01/Dec/2018:06:21:11 +0000] "GET /static/js/app.adfa7d7dc7935ad1c2c9.js HTTP/1.1" 200 121687
::1 - - [01/Dec/2018:06:21:11 +0000] "GET /static/js/vendor.62c4293db8db85ae0b83.js HTTP/1.1" 200 1036871
::1 - - [01/Dec/2018:06:21:11 +0000] "GET /static/js/manifest.2ae2e69a05c33dfc65f8.js.map HTTP/1.1" 200 4972
::1 - - [01/Dec/2018:06:21:11 +0000] "GET /static/js/app.adfa7d7dc7935ad1c2c9.js.map HTTP/1.1" 200 363526
::1 - - [01/Dec/2018:06:21:11 +0000] "GET /static/js/vendor.62c4293db8db85ae0b83.js.map HTTP/1.1" 200 3761262
::1 - - [01/Dec/2018:06:21:11 +0000] "GET /static/css/app.b26f2d75191e76860e788e65ece4bf67.css.map HTTP/1.1" 200 305290
::1 - - [01/Dec/2018:06:22:09 +0000] "GET / HTTP/1.1" 200 723
::1 - - [01/Dec/2018:06:22:09 +0000] "GET /static/css/app.b26f2d75191e76860e788e65ece4bf67.css HTTP/1.1" 200 204841
::1 - - [01/Dec/2018:06:22:09 +0000] "GET /static/js/manifest.2ae2e69a05c33dfc65f8.js HTTP/1.1" 200 857
::1 - - [01/Dec/2018:06:22:09 +0000] "GET /static/js/app.adfa7d7dc7935ad1c2c9.js HTTP/1.1" 200 121687
::1 - - [01/Dec/2018:06:22:09 +0000] "GET /static/js/vendor.62c4293db8db85ae0b83.js HTTP/1.1" 200 1036871
::1 - - [01/Dec/2018:06:22:10 +0000] "GET /static/js/manifest.2ae2e69a05c33dfc65f8.js.map HTTP/1.1" 200 4972
::1 - - [01/Dec/2018:06:22:10 +0000] "GET /static/css/app.b26f2d75191e76860e788e65ece4bf67.css.map HTTP/1.1" 200 305290
::1 - - [01/Dec/2018:06:22:10 +0000] "GET /static/js/app.adfa7d7dc7935ad1c2c9.js.map HTTP/1.1" 200 363526
::1 - - [01/Dec/2018:06:22:10 +0000] "GET /static/js/vendor.62c4293db8db85ae0b83.js.map HTTP/1.1" 200 3761262
::1 - - [01/Dec/2018:06:38:34 +0000] "GET / HTTP/1.1" 304 -
::1 - - [01/Dec/2018:06:38:34 +0000] "GET /static/css/app.b26f2d75191e76860e788e65ece4bf67.css HTTP/1.1" 304 -
::1 - - [01/Dec/2018:06:38:34 +0000] "GET /static/js/manifest.2ae2e69a05c33dfc65f8.js HTTP/1.1" 304 -
::1 - - [01/Dec/2018:06:38:34 +0000] "GET /static/js/vendor.62c4293db8db85ae0b83.js HTTP/1.1" 304 -
::1 - - [01/Dec/2018:06:38:34 +0000] "GET /static/js/app.adfa7d7dc7935ad1c2c9.js HTTP/1.1" 304 -
::1 - - [01/Dec/2018:06:38:37 +0000] "GET /static/css/app.b26f2d75191e76860e788e65ece4bf67.css HTTP/1.1" 304 -
::1 - - [01/Dec/2018:06:38:37 +0000] "GET /static/js/manifest.2ae2e69a05c33dfc65f8.js.map HTTP/1.1" 200 4972
::1 - - [01/Dec/2018:06:38:37 +0000] "GET /static/js/app.adfa7d7dc7935ad1c2c9.js.map HTTP/1.1" 200 363526
::1 - - [01/Dec/2018:06:38:37 +0000] "GET /static/js/vendor.62c4293db8db85ae0b83.js.map HTTP/1.1" 200 3761262
::1 - - [01/Dec/2018:06:38:37 +0000] "GET /static/css/app.b26f2d75191e76860e788e65ece4bf67.css.map HTTP/1.1" 200 305290
::1 - - [01/Dec/2018:06:39:50 +0000] "GET / HTTP/1.1" 200 723
::1 - - [01/Dec/2018:06:39:50 +0000] "GET /static/css/app.b26f2d75191e76860e788e65ece4bf67.css HTTP/1.1" 200 204841
::1 - - [01/Dec/2018:06:39:50 +0000] "GET /static/js/manifest.2ae2e69a05c33dfc65f8.js HTTP/1.1" 200 857
::1 - - [01/Dec/2018:06:39:50 +0000] "GET /static/js/app.adfa7d7dc7935ad1c2c9.js HTTP/1.1" 200 121687
::1 - - [01/Dec/2018:06:39:50 +0000] "GET /static/js/vendor.62c4293db8db85ae0b83.js HTTP/1.1" 200 1036871
::1 - - [01/Dec/2018:06:39:50 +0000] "GET /static/js/manifest.2ae2e69a05c33dfc65f8.js.map HTTP/1.1" 200 4972
::1 - - [01/Dec/2018:06:39:50 +0000] "GET /static/js/app.adfa7d7dc7935ad1c2c9.js.map HTTP/1.1" 200 363526
::1 - - [01/Dec/2018:06:39:50 +0000] "GET /static/css/app.b26f2d75191e76860e788e65ece4bf67.css.map HTTP/1.1" 200 305290
::1 - - [01/Dec/2018:06:39:50 +0000] "GET /static/js/vendor.62c4293db8db85ae0b83.js.map HTTP/1.1" 200 3761262
::1 - - [01/Dec/2018:06:40:30 +0000] "GET / HTTP/1.1" 200 723
::1 - - [01/Dec/2018:06:40:30 +0000] "GET /static/css/app.b26f2d75191e76860e788e65ece4bf67.css HTTP/1.1" 200 204841
::1 - - [01/Dec/2018:06:40:30 +0000] "GET /static/js/manifest.2ae2e69a05c33dfc65f8.js HTTP/1.1" 200 857
::1 - - [01/Dec/2018:06:40:30 +0000] "GET /static/js/app.adfa7d7dc7935ad1c2c9.js HTTP/1.1" 200 121687
::1 - - [01/Dec/2018:06:40:30 +0000] "GET /static/js/vendor.62c4293db8db85ae0b83.js HTTP/1.1" 200 1036871
::1 - - [01/Dec/2018:06:40:30 +0000] "GET /static/js/manifest.2ae2e69a05c33dfc65f8.js.map HTTP/1.1" 200 4972
::1 - - [01/Dec/2018:06:40:30 +0000] "GET /static/js/app.adfa7d7dc7935ad1c2c9.js.map HTTP/1.1" 200 363526
::1 - - [01/Dec/2018:06:40:30 +0000] "GET /static/js/vendor.62c4293db8db85ae0b83.js.map HTTP/1.1" 200 3761262
::1 - - [01/Dec/2018:06:40:30 +0000] "GET /static/css/app.b26f2d75191e76860e788e65ece4bf67.css.map HTTP/1.1" 200 305290
::1 - - [01/Dec/2018:06:42:13 +0000] "GET /api/daum/2 HTTP/1.1" 200 1921
::1 - - [01/Dec/2018:06:42:14 +0000] "POST /post/myMapCafes HTTP/1.1" 200 2
::1 - - [01/Dec/2018:06:43:35 +0000] "GET / HTTP/1.1" 200 703
::1 - - [01/Dec/2018:06:43:35 +0000] "GET /static/css/app.b26f2d75191e76860e788e65ece4bf67.css HTTP/1.1" 200 204841
::1 - - [01/Dec/2018:06:43:35 +0000] "GET /static/js/manifest.2ae2e69a05c33dfc65f8.js HTTP/1.1" 200 857
::1 - - [01/Dec/2018:06:43:35 +0000] "GET /static/js/app.adfa7d7dc7935ad1c2c9.js HTTP/1.1" 200 121687
::1 - - [01/Dec/2018:06:43:35 +0000] "GET /static/js/vendor.62c4293db8db85ae0b83.js HTTP/1.1" 200 1036871
::1 - - [01/Dec/2018:06:43:35 +0000] "GET /api/daum/2 HTTP/1.1" 200 1921
::1 - - [01/Dec/2018:06:43:35 +0000] "GET /static/css/app.b26f2d75191e76860e788e65ece4bf67.css.map HTTP/1.1" 200 305290
::1 - - [01/Dec/2018:06:43:35 +0000] "GET /static/js/manifest.2ae2e69a05c33dfc65f8.js.map HTTP/1.1" 200 4972
::1 - - [01/Dec/2018:06:43:35 +0000] "GET /static/js/app.adfa7d7dc7935ad1c2c9.js.map HTTP/1.1" 200 363526
::1 - - [01/Dec/2018:06:43:35 +0000] "GET /static/js/vendor.62c4293db8db85ae0b83.js.map HTTP/1.1" 200 3761262
::1 - - [01/Dec/2018:06:46:44 +0000] "GET /api/daum/2 HTTP/1.1" 200 1921
::1 - - [01/Dec/2018:06:46:46 +0000] "POST /post/myMapCafes HTTP/1.1" 200 2
